<?xml version="1.0" encoding="UTF-8"?>
<!-- Generated by org.testng.reporters.JUnitReportReporter -->
<testsuite hostname="LAPTOP-GOGQ83M7" failures="0" tests="1" name="courseendproject1.Assignment001" time="3.781" errors="0" timestamp="2023-12-20T16:07:56 IST" skipped="0">
  <testcase classname="courseendproject1.Assignment001" name="assignment001Post" time="3.781"/>
  <system-out/>
</testsuite> <!-- courseendproject1.Assignment001 -->
