<?xml version="1.0" encoding="UTF-8"?>
<!-- Generated by org.testng.reporters.JUnitReportReporter -->
<testsuite hostname="LAPTOP-GOGQ83M7" failures="0" tests="2" name="restassureScripts.Script001SetUpCheck" time="2.313" errors="0" timestamp="2023-12-20T14:18:34 IST" skipped="1">
  <testcase classname="restassureScripts.Script001SetUpCheck" name="GetmethodBDDStyle" time="2.313"/>
  <system-out/>
  <testcase classname="restassureScripts.Script001SetUpCheck" name="setupCheck">
    <skipped/>
  </testcase> <!-- setupCheck -->
  <system-out/>
</testsuite> <!-- restassureScripts.Script001SetUpCheck -->
