<?xml version="1.0" encoding="UTF-8"?>
<!-- Generated by org.testng.reporters.JUnitReportReporter -->
<testsuite hostname="LAPTOP-GOGQ83M7" failures="0" tests="1" name="restassureScripts.LogMethodss" time="3.415" errors="0" timestamp="2023-12-20T13:29:35 IST" skipped="0">
  <testcase classname="restassureScripts.LogMethodss" name="loggingmethods" time="3.415"/>
  <system-out/>
</testsuite> <!-- restassureScripts.LogMethodss -->
