<?xml version="1.0" encoding="UTF-8"?>
<!-- Generated by org.testng.reporters.JUnitReportReporter -->
<testsuite hostname="LAPTOP-GOGQ83M7" failures="0" tests="2" name="courseendproject1.Assignment003and004" time="4.902" errors="0" timestamp="2023-12-20T16:08:35 IST" skipped="0">
  <testcase classname="courseendproject1.Assignment003and004" name="assignment003User" time="3.424"/>
  <system-out/>
  <testcase classname="courseendproject1.Assignment003and004" name="assignment004login" time="1.478"/>
  <system-out/>
</testsuite> <!-- courseendproject1.Assignment003and004 -->
