<?xml version="1.0" encoding="UTF-8"?>
<!-- Generated by org.testng.reporters.JUnitReportReporter -->
<testsuite hostname="LAPTOP-GOGQ83M7" failures="0" tests="2" name="courseendproject1.Assignment003demo" time="5.190" errors="0" timestamp="2023-12-20T14:02:45 IST" skipped="0">
  <testcase classname="courseendproject1.Assignment003demo" name="assignment003User" time="3.717"/>
  <system-out/>
  <testcase classname="courseendproject1.Assignment003demo" name="assignment004login" time="1.473"/>
  <system-out/>
</testsuite> <!-- courseendproject1.Assignment003demo -->
