<?xml version="1.0" encoding="UTF-8"?>
<!-- Generated by org.testng.reporters.JUnitReportReporter -->
<testsuite hostname="LAPTOP-GOGQ83M7" failures="0" tests="2" name="courseendproject1.Assignment005and006" time="5.071" errors="0" timestamp="2023-12-20T16:08:55 IST" skipped="0">
  <testcase classname="courseendproject1.Assignment005and006" name="assignment005FindByStatus" time="2.952"/>
  <system-out/>
  <testcase classname="courseendproject1.Assignment005and006" name="assignment006Logout" time="2.119"/>
  <system-out/>
</testsuite> <!-- courseendproject1.Assignment005and006 -->
