<?xml version="1.0" encoding="UTF-8"?>
<!-- Generated by org.testng.reporters.JUnitReportReporter -->
<testsuite hostname="LAPTOP-GOGQ83M7" failures="0" tests="2" name="courseendproject1.Assignment002" time="5.101" errors="0" timestamp="2023-12-20T16:08:16 IST" skipped="0">
  <testcase classname="courseendproject1.Assignment002" name="assignment002Post" time="3.630"/>
  <system-out/>
  <testcase classname="courseendproject1.Assignment002" name="assignment002Put" time="1.471"/>
  <system-out/>
</testsuite> <!-- courseendproject1.Assignment002 -->
