<?xml version="1.0" encoding="UTF-8"?>
<!-- Generated by org.testng.reporters.JUnitReportReporter -->
<testsuite hostname="LAPTOP-GOGQ83M7" failures="0" tests="1" name="courseendproject1.Log4jDemo" time="0.017" errors="0" timestamp="2023-12-20T16:09:11 IST" skipped="0">
  <testcase classname="courseendproject1.Log4jDemo" name="method1" time="0.017"/>
  <system-out/>
</testsuite> <!-- courseendproject1.Log4jDemo -->
