<?xml version="1.0" encoding="UTF-8"?>
<!-- Generated by org.testng.reporters.JUnitReportReporter -->
<testsuite hostname="LAPTOP-GOGQ83M7" failures="0" tests="2" name="courseendproject1.Assignment004and005" time="5.359" errors="0" timestamp="2023-12-20T14:02:11 IST" skipped="0">
  <testcase classname="courseendproject1.Assignment004and005" name="assignment005FindByStatus" time="3.276"/>
  <system-out/>
  <testcase classname="courseendproject1.Assignment004and005" name="assignment006Logout" time="2.083"/>
  <system-out/>
</testsuite> <!-- courseendproject1.Assignment004and005 -->
